[0324/011000.934:ERROR:process_reader_win.cc(182)] ResumeThread: The parameter is incorrect. (0x57)
[0324/011000.935:ERROR:process_reader_win.cc(151)] SuspendThread: Access is denied. (0x5)
[0324/011000.936:ERROR:process_reader_win.cc(151)] SuspendThread: Access is denied. (0x5)
[0324/011000.936:ERROR:process_reader_win.cc(151)] SuspendThread: Access is denied. (0x5)
[0324/011000.936:ERROR:process_reader_win.cc(151)] SuspendThread: Access is denied. (0x5)
[0324/011000.936:ERROR:process_reader_win.cc(151)] SuspendThread: Access is denied. (0x5)
[0324/011000.936:ERROR:process_reader_win.cc(151)] SuspendThread: Access is denied. (0x5)
[0324/011000.936:ERROR:process_reader_win.cc(151)] SuspendThread: Access is denied. (0x5)
[0324/011000.940:ERROR:process_reader_win.cc(151)] SuspendThread: Access is denied. (0x5)
[0324/011001.721:ERROR:process_memory_win.cc(73)] ReadMemory at 0x7ff67cbe0000 of 64 bytes failed: Only part of a ReadProcessMemory or WriteProcessMemory request was completed. (0x12B)
[0324/011001.721:WARNING:pe_image_reader.cc(340)] could not read dos header from C:\Program Files (x86)\Google\Chrome\Application\chrome.exe
[0324/011001.721:ERROR:process_memory_win.cc(73)] ReadMemory at 0x7ffea98c0000 of 64 bytes failed: Only part of a ReadProcessMemory or WriteProcessMemory request was completed. (0x12B)
[0324/011001.721:WARNING:pe_image_reader.cc(340)] could not read dos header from C:\WINDOWS\SYSTEM32\ntdll.dll
[0324/011001.721:ERROR:process_memory_win.cc(73)] ReadMemory at 0x7ffea8170000 of 64 bytes failed: Only part of a ReadProcessMemory or WriteProcessMemory request was completed. (0x12B)
[0324/011001.721:WARNING:pe_image_reader.cc(340)] could not read dos header from C:\WINDOWS\System32\KERNEL32.DLL
[0324/011001.721:ERROR:process_memory_win.cc(73)] ReadMemory at 0x7ffea7510000 of 64 bytes failed: Only part of a ReadProcessMemory or WriteProcessMemory request was completed. (0x12B)
[0324/011001.722:WARNING:pe_image_reader.cc(340)] could not read dos header from C:\WINDOWS\System32\KERNELBASE.dll
[0324/011001.722:ERROR:process_memory_win.cc(73)] ReadMemory at 0x7ffe698a0000 of 64 bytes failed: Only part of a ReadProcessMemory or WriteProcessMemory request was completed. (0x12B)
[0324/011001.722:WARNING:pe_image_reader.cc(340)] could not read dos header from C:\Program Files (x86)\Google\Chrome\Application\80.0.3987.149\chrome_elf.dll
[0324/011001.722:ERROR:process_memory_win.cc(73)] ReadMemory at 0x7ffe9eea0000 of 64 bytes failed: Only part of a ReadProcessMemory or WriteProcessMemory request was completed. (0x12B)
[0324/011001.722:WARNING:pe_image_reader.cc(340)] could not read dos header from C:\WINDOWS\SYSTEM32\VERSION.dll
[0324/011001.722:ERROR:process_memory_win.cc(73)] ReadMemory at 0x7ffea79e0000 of 64 bytes failed: Only part of a ReadProcessMemory or WriteProcessMemory request was completed. (0x12B)
[0324/011001.722:WARNING:pe_image_reader.cc(340)] could not read dos header from C:\WINDOWS\System32\msvcrt.dll
[0324/011001.722:ERROR:process_memory_win.cc(73)] ReadMemory at 0x7ffea72c0000 of 64 bytes failed: Only part of a ReadProcessMemory or WriteProcessMemory request was completed. (0x12B)
[0324/011001.722:WARNING:pe_image_reader.cc(340)] could not read dos header from C:\WINDOWS\System32\bcryptPrimitives.dll
[0324/011001.722:ERROR:process_memory_win.cc(73)] ReadMemory at 0x7ffea86c0000 of 64 bytes failed: Only part of a ReadProcessMemory or WriteProcessMemory request was completed. (0x12B)
[0324/011001.722:WARNING:pe_image_reader.cc(340)] could not read dos header from C:\WINDOWS\System32\ADVAPI32.dll
[0324/011001.723:ERROR:process_memory_win.cc(73)] ReadMemory at 0x7ffea9370000 of 64 bytes failed: Only part of a ReadProcessMemory or WriteProcessMemory request was completed. (0x12B)
[0324/011001.723:WARNING:pe_image_reader.cc(340)] could not read dos header from C:\WINDOWS\System32\sechost.dll
[0324/011001.723:ERROR:process_memory_win.cc(73)] ReadMemory at 0x7ffea8370000 of 64 bytes failed: Only part of a ReadProcessMemory or WriteProcessMemory request was completed. (0x12B)
[0324/011001.723:WARNING:pe_image_reader.cc(340)] could not read dos header from C:\WINDOWS\System32\RPCRT4.dll
[0324/011001.723:ERROR:process_memory_win.cc(73)] ReadMemory at 0x7ffe61840000 of 64 bytes failed: Only part of a ReadProcessMemory or WriteProcessMemory request was completed. (0x12B)
[0324/011001.723:WARNING:pe_image_reader.cc(340)] could not read dos header from C:\Program Files (x86)\Google\Chrome\Application\80.0.3987.149\chrome.dll
[0324/011001.724:ERROR:process_memory_win.cc(73)] ReadMemory at 0x7ffea9300000 of 64 bytes failed: Only part of a ReadProcessMemory or WriteProcessMemory request was completed. (0x12B)
[0324/011001.724:WARNING:pe_image_reader.cc(340)] could not read dos header from C:\WINDOWS\System32\WS2_32.dll
[0324/011001.724:ERROR:process_memory_win.cc(73)] ReadMemory at 0x7ffea8510000 of 64 bytes failed: Only part of a ReadProcessMemory or WriteProcessMemory request was completed. (0x12B)
[0324/011001.724:WARNING:pe_image_reader.cc(340)] could not read dos header from C:\WINDOWS\System32\OLEAUT32.dll
[0324/011001.724:ERROR:process_memory_win.cc(73)] ReadMemory at 0x7ffea6850000 of 64 bytes failed: Only part of a ReadProcessMemory or WriteProcessMemory request was completed. (0x12B)
[0324/011001.724:WARNING:pe_image_reader.cc(340)] could not read dos header from C:\WINDOWS\System32\msvcp_win.dll
[0324/011001.724:ERROR:process_memory_win.cc(73)] ReadMemory at 0x7ffea7820000 of 64 bytes failed: Only part of a ReadProcessMemory or WriteProcessMemory request was completed. (0x12B)
[0324/011001.724:WARNING:pe_image_reader.cc(340)] could not read dos header from C:\WINDOWS\System32\ucrtbase.dll
[0324/011001.724:ERROR:process_memory_win.cc(73)] ReadMemory at 0x7ffea8be0000 of 64 bytes failed: Only part of a ReadProcessMemory or WriteProcessMemory request was completed. (0x12B)
[0324/011001.724:WARNING:pe_image_reader.cc(340)] could not read dos header from C:\WINDOWS\System32\combase.dll
[0324/011001.724:ERROR:process_memory_win.cc(73)] ReadMemory at 0x7ffea77c0000 of 64 bytes failed: Only part of a ReadProcessMemory or WriteProcessMemory request was completed. (0x12B)
[0324/011001.724:WARNING:pe_image_reader.cc(340)] could not read dos header from C:\WINDOWS\System32\WINTRUST.dll
[0324/011001.725:ERROR:process_memory_win.cc(73)] ReadMemory at 0x7ffea6790000 of 64 bytes failed: Only part of a ReadProcessMemory or WriteProcessMemory request was completed. (0x12B)
[0324/011001.725:WARNING:pe_image_reader.cc(340)] could not read dos header from C:\WINDOWS\System32\MSASN1.dll
[0324/011001.725:ERROR:process_memory_win.cc(73)] ReadMemory at 0x7ffea69f0000 of 64 bytes failed: Only part of a ReadProcessMemory or WriteProcessMemory request was completed. (0x12B)
[0324/011001.725:WARNING:pe_image_reader.cc(340)] could not read dos header from C:\WINDOWS\System32\CRYPT32.dll
[0324/011001.727:ERROR:process_memory_win.cc(73)] ReadMemory at 0x7ffea5d00000 of 64 bytes failed: Only part of a ReadProcessMemory or WriteProcessMemory request was completed. (0x12B)
[0324/011001.727:WARNING:pe_image_reader.cc(340)] could not read dos header from C:\WINDOWS\SYSTEM32\IPHLPAPI.DLL
[0324/011001.727:ERROR:process_memory_win.cc(73)] ReadMemory at 0x7ffea3440000 of 64 bytes failed: Only part of a ReadProcessMemory or WriteProcessMemory request was completed. (0x12B)
[0324/011001.727:WARNING:pe_image_reader.cc(340)] could not read dos header from C:\WINDOWS\SYSTEM32\WINMM.dll
[0324/011001.727:ERROR:process_memory_win.cc(73)] ReadMemory at 0x7ffe98e20000 of 64 bytes failed: Only part of a ReadProcessMemory or WriteProcessMemory request was completed. (0x12B)
[0324/011001.727:WARNING:pe_image_reader.cc(340)] could not read dos header from C:\WINDOWS\SYSTEM32\Secur32.dll
[0324/011001.728:ERROR:process_memory_win.cc(73)] ReadMemory at 0x7ffea66a0000 of 64 bytes failed: Only part of a ReadProcessMemory or WriteProcessMemory request was completed. (0x12B)
[0324/011001.728:WARNING:pe_image_reader.cc(340)] could not read dos header from C:\WINDOWS\SYSTEM32\USERENV.dll
[0324/011001.728:ERROR:process_memory_win.cc(73)] ReadMemory at 0x7ffea67b0000 of 64 bytes failed: Only part of a ReadProcessMemory or WriteProcessMemory request was completed. (0x12B)
[0324/011001.728:WARNING:pe_image_reader.cc(340)] could not read dos header from C:\WINDOWS\System32\profapi.dll
[0324/011001.728:ERROR:process_memory_win.cc(73)] ReadMemory at 0x7ffea0350000 of 64 bytes failed: Only part of a ReadProcessMemory or WriteProcessMemory request was completed. (0x12B)
[0324/011001.728:WARNING:pe_image_reader.cc(340)] could not read dos header from C:\WINDOWS\SYSTEM32\UIAutomationCore.DLL
[0324/011001.728:ERROR:process_memory_win.cc(73)] ReadMemory at 0x7ffe9b3b0000 of 64 bytes failed: Only part of a ReadProcessMemory or WriteProcessMemory request was completed. (0x12B)
[0324/011001.728:WARNING:pe_image_reader.cc(340)] could not read dos header from C:\WINDOWS\SYSTEM32\DWrite.dll
[0324/011001.728:ERROR:process_memory_win.cc(73)] ReadMemory at 0x7ffea0f00000 of 64 bytes failed: Only part of a ReadProcessMemory or WriteProcessMemory request was completed. (0x12B)
[0324/011001.728:WARNING:pe_image_reader.cc(340)] could not read dos header from C:\WINDOWS\SYSTEM32\WINSPOOL.DRV
[0324/011001.728:ERROR:process_memory_win.cc(73)] ReadMemory at 0x7ffea67e0000 of 64 bytes failed: Only part of a ReadProcessMemory or WriteProcessMemory request was completed. (0x12B)
[0324/011001.728:WARNING:pe_image_reader.cc(340)] could not read dos header from C:\WINDOWS\System32\kernel.appcore.dll
[0324/011001.728:ERROR:process_memory_win.cc(73)] ReadMemory at 0x7ffea74e0000 of 64 bytes failed: Only part of a ReadProcessMemory or WriteProcessMemory request was completed. (0x12B)
[0324/011001.733:WARNING:pe_image_reader.cc(340)] could not read dos header from C:\WINDOWS\System32\bcrypt.dll
[0324/011001.733:ERROR:process_memory_win.cc(73)] ReadMemory at 0x7ffe989d0000 of 64 bytes failed: Only part of a ReadProcessMemory or WriteProcessMemory request was completed. (0x12B)
[0324/011001.733:WARNING:pe_image_reader.cc(340)] could not read dos header from C:\WINDOWS\SYSTEM32\dbghelp.dll
[0324/011001.734:ERROR:process_memory_win.cc(73)] ReadMemory at 0x7ffe9a360000 of 64 bytes failed: Only part of a ReadProcessMemory or WriteProcessMemory request was completed. (0x12B)
[0324/011001.734:WARNING:pe_image_reader.cc(340)] could not read dos header from C:\WINDOWS\SYSTEM32\WINHTTP.dll
[0324/011001.734:ERROR:process_memory_win.cc(73)] ReadMemory at 0x7ffe9e300000 of 64 bytes failed: Only part of a ReadProcessMemory or WriteProcessMemory request was completed. (0x12B)
[0324/011001.734:WARNING:pe_image_reader.cc(340)] could not read dos header from C:\WINDOWS\SYSTEM32\dhcpcsvc.DLL
[0324/011001.734:ERROR:process_memory_win.cc(73)] ReadMemory at 0x7ffea7970000 of 64 bytes failed: Only part of a ReadProcessMemory or WriteProcessMemory request was completed. (0x12B)
[0324/011001.734:WARNING:pe_image_reader.cc(340)] could not read dos header from C:\WINDOWS\System32\NSI.dll
[0324/011001.734:ERROR:process_memory_win.cc(73)] ReadMemory at 0x7ffea3410000 of 64 bytes failed: Only part of a ReadProcessMemory or WriteProcessMemory request was completed. (0x12B)
[0324/011001.734:WARNING:pe_image_reader.cc(340)] could not read dos header from C:\WINDOWS\SYSTEM32\WINMMBASE.dll
[0324/011001.734:ERROR:process_memory_win.cc(73)] ReadMemory at 0x7ffea68f0000 of 64 bytes failed: Only part of a ReadProcessMemory or WriteProcessMemory request was completed. (0x12B)
[0324/011001.734:WARNING:pe_image_reader.cc(340)] could not read dos header from C:\WINDOWS\System32\cfgmgr32.dll
[0324/011001.734:ERROR:process_memory_win.cc(73)] ReadMemory at 0x7ffea3140000 of 64 bytes failed: Only part of a ReadProcessMemory or WriteProcessMemory request was completed. (0x12B)
[0324/011001.734:WARNING:pe_image_reader.cc(340)] could not read dos header from C:\WINDOWS\SYSTEM32\PROPSYS.dll
[0324/011001.734:ERROR:process_memory_win.cc(73)] ReadMemory at 0x7ffea9110000 of 64 bytes failed: Only part of a ReadProcessMemory or WriteProcessMemory request was completed. (0x12B)
[0324/011001.734:WARNING:pe_image_reader.cc(340)] could not read dos header from C:\WINDOWS\System32\shcore.dll
[0324/011001.735:ERROR:process_memory_win.cc(73)] ReadMemory at 0x7ffea6670000 of 64 bytes failed: Only part of a ReadProcessMemory or WriteProcessMemory request was completed. (0x12B)
[0324/011001.735:WARNING:pe_image_reader.cc(340)] could not read dos header from C:\WINDOWS\SYSTEM32\SSPICLI.DLL
[0324/011001.735:ERROR:process_memory_win.cc(73)] ReadMemory at 0x7ffea61c0000 of 64 bytes failed: Only part of a ReadProcessMemory or WriteProcessMemory request was completed. (0x12B)
[0324/011001.735:WARNING:pe_image_reader.cc(340)] could not read dos header from C:\WINDOWS\SYSTEM32\CRYPTBASE.DLL
[0324/011001.735:ERROR:process_memory_win.cc(73)] ReadMemory at 0x7ff67cbe0000 of 64 bytes failed: Only part of a ReadProcessMemory or WriteProcessMemory request was completed. (0x12B)
[0324/011001.735:WARNING:pe_image_reader.cc(340)] could not read dos header from C:\Program Files (x86)\Google\Chrome\Application\chrome.exe
[0324/011001.735:ERROR:process_memory_win.cc(73)] ReadMemory at 0x7ffea98c0000 of 64 bytes failed: Only part of a ReadProcessMemory or WriteProcessMemory request was completed. (0x12B)
[0324/011001.735:WARNING:pe_image_reader.cc(340)] could not read dos header from C:\WINDOWS\SYSTEM32\ntdll.dll
[0324/011001.735:ERROR:process_memory_win.cc(73)] ReadMemory at 0x7ffea8170000 of 64 bytes failed: Only part of a ReadProcessMemory or WriteProcessMemory request was completed. (0x12B)
[0324/011001.735:WARNING:pe_image_reader.cc(340)] could not read dos header from C:\WINDOWS\System32\KERNEL32.DLL
[0324/011001.735:ERROR:process_memory_win.cc(73)] ReadMemory at 0x7ffea7510000 of 64 bytes failed: Only part of a ReadProcessMemory or WriteProcessMemory request was completed. (0x12B)
[0324/011001.735:WARNING:pe_image_reader.cc(340)] could not read dos header from C:\WINDOWS\System32\KERNELBASE.dll
[0324/011001.736:ERROR:process_memory_win.cc(73)] ReadMemory at 0x7ffe698a0000 of 64 bytes failed: Only part of a ReadProcessMemory or WriteProcessMemory request was completed. (0x12B)
[0324/011001.736:WARNING:pe_image_reader.cc(340)] could not read dos header from C:\Program Files (x86)\Google\Chrome\Application\80.0.3987.149\chrome_elf.dll
[0324/011001.736:ERROR:process_memory_win.cc(73)] ReadMemory at 0x7ffe9eea0000 of 64 bytes failed: Only part of a ReadProcessMemory or WriteProcessMemory request was completed. (0x12B)
[0324/011001.736:WARNING:pe_image_reader.cc(340)] could not read dos header from C:\WINDOWS\SYSTEM32\VERSION.dll
[0324/011001.736:ERROR:process_memory_win.cc(73)] ReadMemory at 0x7ffea79e0000 of 64 bytes failed: Only part of a ReadProcessMemory or WriteProcessMemory request was completed. (0x12B)
[0324/011001.736:WARNING:pe_image_reader.cc(340)] could not read dos header from C:\WINDOWS\System32\msvcrt.dll
[0324/011001.736:ERROR:process_memory_win.cc(73)] ReadMemory at 0x7ffea72c0000 of 64 bytes failed: Only part of a ReadProcessMemory or WriteProcessMemory request was completed. (0x12B)
[0324/011001.736:WARNING:pe_image_reader.cc(340)] could not read dos header from C:\WINDOWS\System32\bcryptPrimitives.dll
[0324/011001.736:ERROR:process_memory_win.cc(73)] ReadMemory at 0x7ffea86c0000 of 64 bytes failed: Only part of a ReadProcessMemory or WriteProcessMemory request was completed. (0x12B)
[0324/011001.736:WARNING:pe_image_reader.cc(340)] could not read dos header from C:\WINDOWS\System32\ADVAPI32.dll
[0324/011001.736:ERROR:process_memory_win.cc(73)] ReadMemory at 0x7ffea9370000 of 64 bytes failed: Only part of a ReadProcessMemory or WriteProcessMemory request was completed. (0x12B)
[0324/011001.736:WARNING:pe_image_reader.cc(340)] could not read dos header from C:\WINDOWS\System32\sechost.dll
[0324/011001.736:ERROR:process_memory_win.cc(73)] ReadMemory at 0x7ffea8370000 of 64 bytes failed: Only part of a ReadProcessMemory or WriteProcessMemory request was completed. (0x12B)
[0324/011001.736:WARNING:pe_image_reader.cc(340)] could not read dos header from C:\WINDOWS\System32\RPCRT4.dll
[0324/011001.736:ERROR:process_memory_win.cc(73)] ReadMemory at 0x7ffe61840000 of 64 bytes failed: Only part of a ReadProcessMemory or WriteProcessMemory request was completed. (0x12B)
[0324/011001.737:WARNING:pe_image_reader.cc(340)] could not read dos header from C:\Program Files (x86)\Google\Chrome\Application\80.0.3987.149\chrome.dll
[0324/011001.737:ERROR:process_memory_win.cc(73)] ReadMemory at 0x7ffea9300000 of 64 bytes failed: Only part of a ReadProcessMemory or WriteProcessMemory request was completed. (0x12B)
[0324/011001.737:WARNING:pe_image_reader.cc(340)] could not read dos header from C:\WINDOWS\System32\WS2_32.dll
[0324/011001.737:ERROR:process_memory_win.cc(73)] ReadMemory at 0x7ffea8510000 of 64 bytes failed: Only part of a ReadProcessMemory or WriteProcessMemory request was completed. (0x12B)
[0324/011001.737:WARNING:pe_image_reader.cc(340)] could not read dos header from C:\WINDOWS\System32\OLEAUT32.dll
[0324/011001.737:ERROR:process_memory_win.cc(73)] ReadMemory at 0x7ffea6850000 of 64 bytes failed: Only part of a ReadProcessMemory or WriteProcessMemory request was completed. (0x12B)
[0324/011001.737:WARNING:pe_image_reader.cc(340)] could not read dos header from C:\WINDOWS\System32\msvcp_win.dll
[0324/011001.737:ERROR:process_memory_win.cc(73)] ReadMemory at 0x7ffea7820000 of 64 bytes failed: Only part of a ReadProcessMemory or WriteProcessMemory request was completed. (0x12B)
[0324/011001.737:WARNING:pe_image_reader.cc(340)] could not read dos header from C:\WINDOWS\System32\ucrtbase.dll
[0324/011001.737:ERROR:process_memory_win.cc(73)] ReadMemory at 0x7ffea8be0000 of 64 bytes failed: Only part of a ReadProcessMemory or WriteProcessMemory request was completed. (0x12B)
[0324/011001.737:WARNING:pe_image_reader.cc(340)] could not read dos header from C:\WINDOWS\System32\combase.dll
[0324/011001.737:ERROR:process_memory_win.cc(73)] ReadMemory at 0x7ffea77c0000 of 64 bytes failed: Only part of a ReadProcessMemory or WriteProcessMemory request was completed. (0x12B)
[0324/011001.737:WARNING:pe_image_reader.cc(340)] could not read dos header from C:\WINDOWS\System32\WINTRUST.dll
[0324/011001.737:ERROR:process_memory_win.cc(73)] ReadMemory at 0x7ffea6790000 of 64 bytes failed: Only part of a ReadProcessMemory or WriteProcessMemory request was completed. (0x12B)
[0324/011001.738:WARNING:pe_image_reader.cc(340)] could not read dos header from C:\WINDOWS\System32\MSASN1.dll
[0324/011001.738:ERROR:process_memory_win.cc(73)] ReadMemory at 0x7ffea69f0000 of 64 bytes failed: Only part of a ReadProcessMemory or WriteProcessMemory request was completed. (0x12B)
[0324/011001.738:WARNING:pe_image_reader.cc(340)] could not read dos header from C:\WINDOWS\System32\CRYPT32.dll
[0324/011001.738:ERROR:process_memory_win.cc(73)] ReadMemory at 0x7ffea5d00000 of 64 bytes failed: Only part of a ReadProcessMemory or WriteProcessMemory request was completed. (0x12B)
[0324/011001.738:WARNING:pe_image_reader.cc(340)] could not read dos header from C:\WINDOWS\SYSTEM32\IPHLPAPI.DLL
[0324/011001.738:ERROR:process_memory_win.cc(73)] ReadMemory at 0x7ffea3440000 of 64 bytes failed: Only part of a ReadProcessMemory or WriteProcessMemory request was completed. (0x12B)
[0324/011001.738:WARNING:pe_image_reader.cc(340)] could not read dos header from C:\WINDOWS\SYSTEM32\WINMM.dll
[0324/011001.738:ERROR:process_memory_win.cc(73)] ReadMemory at 0x7ffe98e20000 of 64 bytes failed: Only part of a ReadProcessMemory or WriteProcessMemory request was completed. (0x12B)
[0324/011001.738:WARNING:pe_image_reader.cc(340)] could not read dos header from C:\WINDOWS\SYSTEM32\Secur32.dll
[0324/011001.738:ERROR:process_memory_win.cc(73)] ReadMemory at 0x7ffea66a0000 of 64 bytes failed: Only part of a ReadProcessMemory or WriteProcessMemory request was completed. (0x12B)
[0324/011001.738:WARNING:pe_image_reader.cc(340)] could not read dos header from C:\WINDOWS\SYSTEM32\USERENV.dll
[0324/011001.738:ERROR:process_memory_win.cc(73)] ReadMemory at 0x7ffea67b0000 of 64 bytes failed: Only part of a ReadProcessMemory or WriteProcessMemory request was completed. (0x12B)
[0324/011001.738:WARNING:pe_image_reader.cc(340)] could not read dos header from C:\WINDOWS\System32\profapi.dll
[0324/011001.738:ERROR:process_memory_win.cc(73)] ReadMemory at 0x7ffea0350000 of 64 bytes failed: Only part of a ReadProcessMemory or WriteProcessMemory request was completed. (0x12B)
[0324/011001.738:WARNING:pe_image_reader.cc(340)] could not read dos header from C:\WINDOWS\SYSTEM32\UIAutomationCore.DLL
[0324/011001.738:ERROR:process_memory_win.cc(73)] ReadMemory at 0x7ffe9b3b0000 of 64 bytes failed: Only part of a ReadProcessMemory or WriteProcessMemory request was completed. (0x12B)
[0324/011001.738:WARNING:pe_image_reader.cc(340)] could not read dos header from C:\WINDOWS\SYSTEM32\DWrite.dll
[0324/011001.739:ERROR:process_memory_win.cc(73)] ReadMemory at 0x7ffea0f00000 of 64 bytes failed: Only part of a ReadProcessMemory or WriteProcessMemory request was completed. (0x12B)
[0324/011001.739:WARNING:pe_image_reader.cc(340)] could not read dos header from C:\WINDOWS\SYSTEM32\WINSPOOL.DRV
[0324/011001.739:ERROR:process_memory_win.cc(73)] ReadMemory at 0x7ffea67e0000 of 64 bytes failed: Only part of a ReadProcessMemory or WriteProcessMemory request was completed. (0x12B)
[0324/011001.739:WARNING:pe_image_reader.cc(340)] could not read dos header from C:\WINDOWS\System32\kernel.appcore.dll
[0324/011001.739:ERROR:process_memory_win.cc(73)] ReadMemory at 0x7ffea74e0000 of 64 bytes failed: Only part of a ReadProcessMemory or WriteProcessMemory request was completed. (0x12B)
[0324/011001.739:WARNING:pe_image_reader.cc(340)] could not read dos header from C:\WINDOWS\System32\bcrypt.dll
[0324/011001.739:ERROR:process_memory_win.cc(73)] ReadMemory at 0x7ffe989d0000 of 64 bytes failed: Only part of a ReadProcessMemory or WriteProcessMemory request was completed. (0x12B)
[0324/011001.739:WARNING:pe_image_reader.cc(340)] could not read dos header from C:\WINDOWS\SYSTEM32\dbghelp.dll
[0324/011001.739:ERROR:process_memory_win.cc(73)] ReadMemory at 0x7ffe9a360000 of 64 bytes failed: Only part of a ReadProcessMemory or WriteProcessMemory request was completed. (0x12B)
[0324/011001.739:WARNING:pe_image_reader.cc(340)] could not read dos header from C:\WINDOWS\SYSTEM32\WINHTTP.dll
[0324/011001.739:ERROR:process_memory_win.cc(73)] ReadMemory at 0x7ffe9e300000 of 64 bytes failed: Only part of a ReadProcessMemory or WriteProcessMemory request was completed. (0x12B)
[0324/011001.739:WARNING:pe_image_reader.cc(340)] could not read dos header from C:\WINDOWS\SYSTEM32\dhcpcsvc.DLL
[0324/011001.739:ERROR:process_memory_win.cc(73)] ReadMemory at 0x7ffea7970000 of 64 bytes failed: Only part of a ReadProcessMemory or WriteProcessMemory request was completed. (0x12B)
[0324/011001.740:WARNING:pe_image_reader.cc(340)] could not read dos header from C:\WINDOWS\System32\NSI.dll
[0324/011001.740:ERROR:process_memory_win.cc(73)] ReadMemory at 0x7ffea3410000 of 64 bytes failed: Only part of a ReadProcessMemory or WriteProcessMemory request was completed. (0x12B)
[0324/011001.740:WARNING:pe_image_reader.cc(340)] could not read dos header from C:\WINDOWS\SYSTEM32\WINMMBASE.dll
[0324/011001.740:ERROR:process_memory_win.cc(73)] ReadMemory at 0x7ffea68f0000 of 64 bytes failed: Only part of a ReadProcessMemory or WriteProcessMemory request was completed. (0x12B)
[0324/011001.740:WARNING:pe_image_reader.cc(340)] could not read dos header from C:\WINDOWS\System32\cfgmgr32.dll
[0324/011001.740:ERROR:process_memory_win.cc(73)] ReadMemory at 0x7ffea3140000 of 64 bytes failed: Only part of a ReadProcessMemory or WriteProcessMemory request was completed. (0x12B)
[0324/011001.740:WARNING:pe_image_reader.cc(340)] could not read dos header from C:\WINDOWS\SYSTEM32\PROPSYS.dll
[0324/011001.740:ERROR:process_memory_win.cc(73)] ReadMemory at 0x7ffea9110000 of 64 bytes failed: Only part of a ReadProcessMemory or WriteProcessMemory request was completed. (0x12B)
[0324/011001.740:WARNING:pe_image_reader.cc(340)] could not read dos header from C:\WINDOWS\System32\shcore.dll
[0324/011001.740:ERROR:process_memory_win.cc(73)] ReadMemory at 0x7ffea6670000 of 64 bytes failed: Only part of a ReadProcessMemory or WriteProcessMemory request was completed. (0x12B)
[0324/011001.740:WARNING:pe_image_reader.cc(340)] could not read dos header from C:\WINDOWS\SYSTEM32\SSPICLI.DLL
[0324/011001.740:ERROR:process_memory_win.cc(73)] ReadMemory at 0x7ffea61c0000 of 64 bytes failed: Only part of a ReadProcessMemory or WriteProcessMemory request was completed. (0x12B)
[0324/011001.741:WARNING:pe_image_reader.cc(340)] could not read dos header from C:\WINDOWS\SYSTEM32\CRYPTBASE.DLL
[0324/011002.052:ERROR:process_memory_win.cc(73)] ReadMemory at 0xeaed7f9000 of 28672 bytes failed: Only part of a ReadProcessMemory or WriteProcessMemory request was completed. (0x12B)
[0324/011002.053:ERROR:process_memory_win.cc(73)] ReadMemory at 0xeaedfff000 of 4096 bytes failed: Only part of a ReadProcessMemory or WriteProcessMemory request was completed. (0x12B)
[0324/011002.053:ERROR:process_memory_win.cc(73)] ReadMemory at 0xeaee7fd000 of 12288 bytes failed: Only part of a ReadProcessMemory or WriteProcessMemory request was completed. (0x12B)
[0324/011002.053:ERROR:process_memory_win.cc(73)] ReadMemory at 0xeaeeffd000 of 12288 bytes failed: Only part of a ReadProcessMemory or WriteProcessMemory request was completed. (0x12B)
[0324/011002.053:ERROR:process_memory_win.cc(73)] ReadMemory at 0xeaecea9000 of 852 bytes failed: Only part of a ReadProcessMemory or WriteProcessMemory request was completed. (0x12B)
[0324/011002.053:ERROR:process_memory_win.cc(73)] ReadMemory at 0xeaeceaa000 of 6024 bytes failed: Only part of a ReadProcessMemory or WriteProcessMemory request was completed. (0x12B)
[0324/011002.053:ERROR:process_memory_win.cc(73)] ReadMemory at 0xeaeceac000 of 6024 bytes failed: Only part of a ReadProcessMemory or WriteProcessMemory request was completed. (0x12B)
[0324/011002.053:ERROR:process_memory_win.cc(73)] ReadMemory at 0xeaeceae000 of 6024 bytes failed: Only part of a ReadProcessMemory or WriteProcessMemory request was completed. (0x12B)
[0324/011002.054:ERROR:process_memory_win.cc(73)] ReadMemory at 0xeaeceb0000 of 6024 bytes failed: Only part of a ReadProcessMemory or WriteProcessMemory request was completed. (0x12B)
[0324/011002.054:ERROR:process_memory_win.cc(73)] ReadMemory at 0x25fea2d0750 of 80 bytes failed: Only part of a ReadProcessMemory or WriteProcessMemory request was completed. (0x12B)
[0324/011002.054:ERROR:process_memory_win.cc(73)] ReadMemory at 0x25fea2d0fe0 of 5282 bytes failed: Only part of a ReadProcessMemory or WriteProcessMemory request was completed. (0x12B)
[0324/011002.054:ERROR:process_memory_win.cc(73)] ReadMemory at 0x25fea2d2490 of 1012 bytes failed: Only part of a ReadProcessMemory or WriteProcessMemory request was completed. (0x12B)
[0324/011002.054:ERROR:process_memory_win.cc(73)] ReadMemory at 0x25fea2d2ad8 of 118 bytes failed: Only part of a ReadProcessMemory or WriteProcessMemory request was completed. (0x12B)
[0324/011002.054:ERROR:process_memory_win.cc(73)] ReadMemory at 0x25fea2d2b50 of 680 bytes failed: Only part of a ReadProcessMemory or WriteProcessMemory request was completed. (0x12B)
[0324/011002.054:ERROR:process_memory_win.cc(73)] ReadMemory at 0x25fea2d2dfa of 118 bytes failed: Only part of a ReadProcessMemory or WriteProcessMemory request was completed. (0x12B)
[0324/011002.055:ERROR:process_memory_win.cc(73)] ReadMemory at 0x25fea2d2e72 of 98 bytes failed: Only part of a ReadProcessMemory or WriteProcessMemory request was completed. (0x12B)
[0324/011002.055:ERROR:process_memory_win.cc(73)] ReadMemory at 0x25fea2d2ee0 of 58 bytes failed: Only part of a ReadProcessMemory or WriteProcessMemory request was completed. (0x12B)
[0324/011002.055:ERROR:process_memory_win.cc(73)] ReadMemory at 0x25fea2d2fe0 of 132 bytes failed: Only part of a ReadProcessMemory or WriteProcessMemory request was completed. (0x12B)
[0324/011002.055:ERROR:process_memory_win.cc(73)] ReadMemory at 0x25fea2d3170 of 132 bytes failed: Only part of a ReadProcessMemory or WriteProcessMemory request was completed. (0x12B)
[0324/011002.055:ERROR:process_memory_win.cc(73)] ReadMemory at 0x25fea2d3330 of 126 bytes failed: Only part of a ReadProcessMemory or WriteProcessMemory request was completed. (0x12B)
[0324/011002.055:ERROR:process_memory_win.cc(73)] ReadMemory at 0x25fea2d3710 of 132 bytes failed: Only part of a ReadProcessMemory or WriteProcessMemory request was completed. (0x12B)
[0324/011002.055:ERROR:process_memory_win.cc(73)] ReadMemory at 0x25fea2d38a0 of 64 bytes failed: Only part of a ReadProcessMemory or WriteProcessMemory request was completed. (0x12B)
[0324/011002.055:ERROR:process_memory_win.cc(73)] ReadMemory at 0x25fea2d38f0 of 132 bytes failed: Only part of a ReadProcessMemory or WriteProcessMemory request was completed. (0x12B)
[0324/011002.055:ERROR:process_memory_win.cc(73)] ReadMemory at 0x25fea2d3a20 of 146 bytes failed: Only part of a ReadProcessMemory or WriteProcessMemory request was completed. (0x12B)
[0324/011002.056:ERROR:process_memory_win.cc(73)] ReadMemory at 0x25fea2d3d00 of 132 bytes failed: Only part of a ReadProcessMemory or WriteProcessMemory request was completed. (0x12B)
[0324/011002.056:ERROR:process_memory_win.cc(73)] ReadMemory at 0x25fea2d3e90 of 68 bytes failed: Only part of a ReadProcessMemory or WriteProcessMemory request was completed. (0x12B)
[0324/011002.056:ERROR:process_memory_win.cc(73)] ReadMemory at 0x25fea2d4fd0 of 132 bytes failed: Only part of a ReadProcessMemory or WriteProcessMemory request was completed. (0x12B)
[0324/011002.056:ERROR:process_memory_win.cc(73)] ReadMemory at 0x25fea2d5100 of 154 bytes failed: Only part of a ReadProcessMemory or WriteProcessMemory request was completed. (0x12B)
[0324/011002.056:ERROR:process_memory_win.cc(73)] ReadMemory at 0x25fea2d5ec0 of 62 bytes failed: Only part of a ReadProcessMemory or WriteProcessMemory request was completed. (0x12B)
[0324/011002.056:ERROR:process_memory_win.cc(73)] ReadMemory at 0x25fea2d5f10 of 132 bytes failed: Only part of a ReadProcessMemory or WriteProcessMemory request was completed. (0x12B)
[0324/011002.056:ERROR:process_memory_win.cc(73)] ReadMemory at 0x25fea2d60b0 of 132 bytes failed: Only part of a ReadProcessMemory or WriteProcessMemory request was completed. (0x12B)
[0324/011002.056:ERROR:process_memory_win.cc(73)] ReadMemory at 0x25fea2d61e0 of 60 bytes failed: Only part of a ReadProcessMemory or WriteProcessMemory request was completed. (0x12B)
[0324/011002.056:ERROR:process_memory_win.cc(73)] ReadMemory at 0x25fea2d7b60 of 132 bytes failed: Only part of a ReadProcessMemory or WriteProcessMemory request was completed. (0x12B)
[0324/011002.057:ERROR:process_memory_win.cc(73)] ReadMemory at 0x25fea2daab0 of 60 bytes failed: Only part of a ReadProcessMemory or WriteProcessMemory request was completed. (0x12B)
[0324/011002.057:ERROR:process_memory_win.cc(73)] ReadMemory at 0x25fea2daba0 of 64 bytes failed: Only part of a ReadProcessMemory or WriteProcessMemory request was completed. (0x12B)
[0324/011002.057:ERROR:process_memory_win.cc(73)] ReadMemory at 0x25fea2dabf0 of 62 bytes failed: Only part of a ReadProcessMemory or WriteProcessMemory request was completed. (0x12B)
[0324/011002.057:ERROR:process_memory_win.cc(73)] ReadMemory at 0x25fea2dac90 of 62 bytes failed: Only part of a ReadProcessMemory or WriteProcessMemory request was completed. (0x12B)
[0324/011002.057:ERROR:process_memory_win.cc(73)] ReadMemory at 0x25fea2dace0 of 64 bytes failed: Only part of a ReadProcessMemory or WriteProcessMemory request was completed. (0x12B)
[0324/011002.057:ERROR:process_memory_win.cc(73)] ReadMemory at 0x25fea2dadd0 of 64 bytes failed: Only part of a ReadProcessMemory or WriteProcessMemory request was completed. (0x12B)
[0324/011002.057:ERROR:process_memory_win.cc(73)] ReadMemory at 0x25fea2daf60 of 66 bytes failed: Only part of a ReadProcessMemory or WriteProcessMemory request was completed. (0x12B)
[0324/011002.057:ERROR:process_memory_win.cc(73)] ReadMemory at 0x25fea2db140 of 60 bytes failed: Only part of a ReadProcessMemory or WriteProcessMemory request was completed. (0x12B)
[0324/011002.057:ERROR:process_memory_win.cc(73)] ReadMemory at 0x25fea2db190 of 64 bytes failed: Only part of a ReadProcessMemory or WriteProcessMemory request was completed. (0x12B)
[0324/011002.058:ERROR:process_memory_win.cc(73)] ReadMemory at 0x25fea2dbc30 of 132 bytes failed: Only part of a ReadProcessMemory or WriteProcessMemory request was completed. (0x12B)
[0324/011002.058:ERROR:process_memory_win.cc(73)] ReadMemory at 0x25fea2dbd60 of 132 bytes failed: Only part of a ReadProcessMemory or WriteProcessMemory request was completed. (0x12B)
[0324/011002.058:ERROR:process_memory_win.cc(73)] ReadMemory at 0x25fea2dbe90 of 132 bytes failed: Only part of a ReadProcessMemory or WriteProcessMemory request was completed. (0x12B)
[0324/011002.058:ERROR:process_memory_win.cc(73)] ReadMemory at 0x25fea2dbfc0 of 132 bytes failed: Only part of a ReadProcessMemory or WriteProcessMemory request was completed. (0x12B)
[0324/011002.058:ERROR:process_memory_win.cc(73)] ReadMemory at 0x25fea2dc0f0 of 132 bytes failed: Only part of a ReadProcessMemory or WriteProcessMemory request was completed. (0x12B)
[0324/011002.058:ERROR:process_memory_win.cc(73)] ReadMemory at 0x25fea2dc220 of 132 bytes failed: Only part of a ReadProcessMemory or WriteProcessMemory request was completed. (0x12B)
[0324/011002.058:ERROR:process_memory_win.cc(73)] ReadMemory at 0x25fea2dc350 of 132 bytes failed: Only part of a ReadProcessMemory or WriteProcessMemory request was completed. (0x12B)
[0324/011002.064:ERROR:process_memory_win.cc(73)] ReadMemory at 0x25fea2dc480 of 132 bytes failed: Only part of a ReadProcessMemory or WriteProcessMemory request was completed. (0x12B)
[0324/011002.064:ERROR:process_memory_win.cc(73)] ReadMemory at 0x25fea2dc5b0 of 132 bytes failed: Only part of a ReadProcessMemory or WriteProcessMemory request was completed. (0x12B)
[0324/011002.064:ERROR:process_memory_win.cc(73)] ReadMemory at 0x25fea2dc6e0 of 132 bytes failed: Only part of a ReadProcessMemory or WriteProcessMemory request was completed. (0x12B)
[0324/011002.064:ERROR:process_memory_win.cc(73)] ReadMemory at 0x25fea2dc940 of 132 bytes failed: Only part of a ReadProcessMemory or WriteProcessMemory request was completed. (0x12B)
[0324/011002.064:ERROR:process_memory_win.cc(73)] ReadMemory at 0x25fea2dca70 of 132 bytes failed: Only part of a ReadProcessMemory or WriteProcessMemory request was completed. (0x12B)
[0324/011002.065:ERROR:process_memory_win.cc(73)] ReadMemory at 0x25fea2dd540 of 80 bytes failed: Only part of a ReadProcessMemory or WriteProcessMemory request was completed. (0x12B)
[0324/011002.065:ERROR:process_memory_win.cc(73)] ReadMemory at 0x25fea2ddba0 of 76 bytes failed: Only part of a ReadProcessMemory or WriteProcessMemory request was completed. (0x12B)
[0324/011002.065:ERROR:process_memory_win.cc(73)] ReadMemory at 0x25fea2de630 of 132 bytes failed: Only part of a ReadProcessMemory or WriteProcessMemory request was completed. (0x12B)
[0324/011002.065:ERROR:process_memory_win.cc(73)] ReadMemory at 0x25fea2df660 of 132 bytes failed: Only part of a ReadProcessMemory or WriteProcessMemory request was completed. (0x12B)
[0324/011002.065:ERROR:process_memory_win.cc(73)] ReadMemory at 0x25fea2e32f0 of 54 bytes failed: Only part of a ReadProcessMemory or WriteProcessMemory request was completed. (0x12B)
[0324/011002.065:ERROR:process_memory_win.cc(73)] ReadMemory at 0x25fea2e41f0 of 132 bytes failed: Only part of a ReadProcessMemory or WriteProcessMemory request was completed. (0x12B)
[0324/011002.066:ERROR:process_memory_win.cc(73)] ReadMemory at 0x25fea2e4540 of 132 bytes failed: Only part of a ReadProcessMemory or WriteProcessMemory request was completed. (0x12B)
[0324/011002.066:ERROR:process_memory_win.cc(73)] ReadMemory at 0x25fea2e4670 of 132 bytes failed: Only part of a ReadProcessMemory or WriteProcessMemory request was completed. (0x12B)
[0324/011002.066:ERROR:process_memory_win.cc(73)] ReadMemory at 0x25fea2e4890 of 132 bytes failed: Only part of a ReadProcessMemory or WriteProcessMemory request was completed. (0x12B)
[0324/011002.066:ERROR:process_memory_win.cc(73)] ReadMemory at 0x25fea2e4bf0 of 132 bytes failed: Only part of a ReadProcessMemory or WriteProcessMemory request was completed. (0x12B)
[0324/011002.068:ERROR:process_memory_win.cc(73)] ReadMemory at 0x25fea2e4e00 of 132 bytes failed: Only part of a ReadProcessMemory or WriteProcessMemory request was completed. (0x12B)
[0324/011002.068:ERROR:process_memory_win.cc(73)] ReadMemory at 0x25fea2e4fd0 of 62 bytes failed: Only part of a ReadProcessMemory or WriteProcessMemory request was completed. (0x12B)
[0324/011002.068:ERROR:process_memory_win.cc(73)] ReadMemory at 0x25fea2e5020 of 62 bytes failed: Only part of a ReadProcessMemory or WriteProcessMemory request was completed. (0x12B)
[0324/011002.068:ERROR:process_memory_win.cc(73)] ReadMemory at 0x25fea2e5070 of 64 bytes failed: Only part of a ReadProcessMemory or WriteProcessMemory request was completed. (0x12B)
[0324/011002.068:ERROR:process_memory_win.cc(73)] ReadMemory at 0x25fea2e5110 of 62 bytes failed: Only part of a ReadProcessMemory or WriteProcessMemory request was completed. (0x12B)
[0324/011002.069:ERROR:process_memory_win.cc(73)] ReadMemory at 0x25fea2e52a0 of 60 bytes failed: Only part of a ReadProcessMemory or WriteProcessMemory request was completed. (0x12B)
[0324/011002.069:ERROR:process_memory_win.cc(73)] ReadMemory at 0x25fea2e5390 of 64 bytes failed: Only part of a ReadProcessMemory or WriteProcessMemory request was completed. (0x12B)
[0324/011002.069:ERROR:process_memory_win.cc(73)] ReadMemory at 0x25fea2e53e0 of 60 bytes failed: Only part of a ReadProcessMemory or WriteProcessMemory request was completed. (0x12B)
[0324/011002.069:ERROR:process_memory_win.cc(73)] ReadMemory at 0x25fea2e5480 of 62 bytes failed: Only part of a ReadProcessMemory or WriteProcessMemory request was completed. (0x12B)
[0324/011002.069:ERROR:process_memory_win.cc(73)] ReadMemory at 0x25fea2e5520 of 62 bytes failed: Only part of a ReadProcessMemory or WriteProcessMemory request was completed. (0x12B)
[0324/011002.069:ERROR:process_memory_win.cc(73)] ReadMemory at 0x25fea2e5570 of 62 bytes failed: Only part of a ReadProcessMemory or WriteProcessMemory request was completed. (0x12B)
[0324/011002.069:ERROR:process_memory_win.cc(73)] ReadMemory at 0x25fea2e55c0 of 64 bytes failed: Only part of a ReadProcessMemory or WriteProcessMemory request was completed. (0x12B)
[0324/011002.069:ERROR:process_memory_win.cc(73)] ReadMemory at 0x25fea2e5610 of 58 bytes failed: Only part of a ReadProcessMemory or WriteProcessMemory request was completed. (0x12B)
[0324/011002.070:ERROR:process_memory_win.cc(73)] ReadMemory at 0x25fea2e5700 of 62 bytes failed: Only part of a ReadProcessMemory or WriteProcessMemory request was completed. (0x12B)
[0324/011002.070:ERROR:process_memory_win.cc(73)] ReadMemory at 0x25fea2e5890 of 60 bytes failed: Only part of a ReadProcessMemory or WriteProcessMemory request was completed. (0x12B)
[0324/011002.070:ERROR:process_memory_win.cc(73)] ReadMemory at 0x25fea2e5980 of 64 bytes failed: Only part of a ReadProcessMemory or WriteProcessMemory request was completed. (0x12B)
[0324/011002.070:ERROR:process_memory_win.cc(73)] ReadMemory at 0x25fea2e5b10 of 60 bytes failed: Only part of a ReadProcessMemory or WriteProcessMemory request was completed. (0x12B)
[0324/011002.070:ERROR:process_memory_win.cc(73)] ReadMemory at 0x25fea2e5bb0 of 62 bytes failed: Only part of a ReadProcessMemory or WriteProcessMemory request was completed. (0x12B)
[0324/011002.070:ERROR:process_memory_win.cc(73)] ReadMemory at 0x25fea2e5ca0 of 66 bytes failed: Only part of a ReadProcessMemory or WriteProcessMemory request was completed. (0x12B)
[0324/011002.070:ERROR:process_memory_win.cc(73)] ReadMemory at 0x25fea2e6640 of 132 bytes failed: Only part of a ReadProcessMemory or WriteProcessMemory request was completed. (0x12B)
[0324/011002.070:ERROR:process_memory_win.cc(73)] ReadMemory at 0x25fea2e68a0 of 132 bytes failed: Only part of a ReadProcessMemory or WriteProcessMemory request was completed. (0x12B)
[0324/011002.071:ERROR:process_memory_win.cc(73)] ReadMemory at 0x25fea2e69d0 of 132 bytes failed: Only part of a ReadProcessMemory or WriteProcessMemory request was completed. (0x12B)
[0324/011002.071:ERROR:process_memory_win.cc(73)] ReadMemory at 0x25fea2e6d60 of 132 bytes failed: Only part of a ReadProcessMemory or WriteProcessMemory request was completed. (0x12B)
[0324/011002.071:ERROR:process_memory_win.cc(73)] ReadMemory at 0x25fea2e75b0 of 132 bytes failed: Only part of a ReadProcessMemory or WriteProcessMemory request was completed. (0x12B)
[0324/011002.071:ERROR:process_memory_win.cc(73)] ReadMemory at 0x25fea2e7940 of 132 bytes failed: Only part of a ReadProcessMemory or WriteProcessMemory request was completed. (0x12B)
[0324/011002.071:ERROR:process_memory_win.cc(73)] ReadMemory at 0x25fea2e7ba0 of 132 bytes failed: Only part of a ReadProcessMemory or WriteProcessMemory request was completed. (0x12B)
[0324/011002.072:ERROR:process_memory_win.cc(73)] ReadMemory at 0x25fea2e7e00 of 132 bytes failed: Only part of a ReadProcessMemory or WriteProcessMemory request was completed. (0x12B)
[0324/011002.072:ERROR:process_memory_win.cc(73)] ReadMemory at 0x25fea2e7f30 of 132 bytes failed: Only part of a ReadProcessMemory or WriteProcessMemory request was completed. (0x12B)
[0324/011002.072:ERROR:process_memory_win.cc(73)] ReadMemory at 0x25fea2e8060 of 132 bytes failed: Only part of a ReadProcessMemory or WriteProcessMemory request was completed. (0x12B)
[0324/011002.072:ERROR:process_memory_win.cc(73)] ReadMemory at 0x25fea505fb0 of 512 bytes failed: Only part of a ReadProcessMemory or WriteProcessMemory request was completed. (0x12B)
[0324/011002.072:ERROR:process_memory_win.cc(73)] ReadMemory at 0x7ffe67bb8eb0 of 512 bytes failed: Only part of a ReadProcessMemory or WriteProcessMemory request was completed. (0x12B)
[0324/011002.073:ERROR:process_memory_win.cc(73)] ReadMemory at 0x7ffe698c7a8d of 512 bytes failed: Only part of a ReadProcessMemory or WriteProcessMemory request was completed. (0x12B)
[0324/011002.073:ERROR:process_memory_win.cc(73)] ReadMemory at 0x7ffe698c8285 of 512 bytes failed: Only part of a ReadProcessMemory or WriteProcessMemory request was completed. (0x12B)
[0324/011002.073:ERROR:process_memory_win.cc(73)] ReadMemory at 0x7ffea995c0c4 of 512 bytes failed: Only part of a ReadProcessMemory or WriteProcessMemory request was completed. (0x12B)
[0324/011002.074:ERROR:process_memory_win.cc(73)] ReadMemory at 0x7ffea99ec428 of 18 bytes failed: Only part of a ReadProcessMemory or WriteProcessMemory request was completed. (0x12B)
[0324/011002.074:ERROR:process_memory_win.cc(73)] ReadMemory at 0x7ffea9a1f4f8 of 40 bytes failed: Only part of a ReadProcessMemory or WriteProcessMemory request was completed. (0x12B)
[0324/011002.074:ERROR:process_memory_win.cc(73)] ReadMemory at 0x7ffea9a1f978 of 48 bytes failed: Only part of a ReadProcessMemory or WriteProcessMemory request was completed. (0x12B)
[0324/011002.074:ERROR:process_memory_win.cc(73)] ReadMemory at 0x7ffea9a253c0 of 64 bytes failed: Only part of a ReadProcessMemory or WriteProcessMemory request was completed. (0x12B)
[0324/011002.078:ERROR:scoped_process_suspend.cc(40)] NtResumeProcess: An attempt was made to access an exiting process. (0xc000010a)
